<?xml version="1.0" encoding="UTF-8"?>
<!-- Generated by org.testng.reporters.JUnitReportReporter -->
<testsuite skipped="0" hostname="DESKTOP-Q9P1D2I" name="tests.GoogleSearchTest" tests="3" failures="0" timestamp="31 Mar 2019 20:47:26 GMT" time="10.459" errors="0">
  <testcase name="assureThatIfWeGetBackToSearchPageThenSearchFieldIsEmpty" time="3.273" classname="tests.GoogleSearchTest"/>
  <testcase name="assureThatItIsPossibleToSearchAndViewResultsInGoogle" time="5.031" classname="tests.GoogleSearchTest"/>
  <testcase name="assureThatIfWeClickImLuckyButtonWeWillGoDirectlyToSite" time="2.155" classname="tests.GoogleSearchTest"/>
</testsuite> <!-- tests.GoogleSearchTest -->
